SF:lib\app\dog_breeds.dart
DA:7,1
DA:9,1
DA:11,1
DA:12,1
DA:13,1
DA:14,1
DA:16,1
DA:19,1
DA:21,1
LF:9
LH:9
end_of_record
SF:lib\app\core\config\env\app_env.dart
DA:6,0
DA:8,0
DA:9,0
DA:13,0
DA:14,0
DA:18,0
LF:6
LH:0
end_of_record
SF:lib\app\core\exceptions\repository_exception.dart
DA:4,1
LF:1
LH:1
end_of_record
SF:lib\app\core\extensions\string_extensions.dart
DA:2,2
DA:3,6
DA:4,2
DA:5,8
DA:8,2
LF:5
LH:5
end_of_record
SF:lib\app\core\locator\service_locator.dart
DA:5,3
DA:7,0
DA:8,0
DA:9,0
DA:10,0
DA:11,0
DA:12,0
DA:15,0
DA:16,0
DA:17,0
DA:18,0
DA:21,0
DA:22,0
DA:23,0
LF:14
LH:1
end_of_record
SF:lib\app\core\rest\custom_dio.dart
DA:9,0
DA:10,0
DA:11,0
DA:12,0
DA:13,0
DA:14,0
DA:16,0
DA:17,0
DA:21,0
DA:22,0
DA:30,0
DA:31,0
DA:35,0
DA:36,0
LF:14
LH:0
end_of_record
SF:lib\app\core\storage\local_storage_impl.dart
DA:6,0
DA:7,0
DA:9,0
DA:11,0
DA:12,0
DA:15,0
DA:17,0
DA:18,0
DA:21,0
DA:23,0
DA:25,0
DA:26,0
DA:27,0
DA:28,0
DA:29,0
DA:30,0
DA:31,0
DA:32,0
DA:33,0
DA:34,0
DA:36,0
DA:40,0
DA:42,0
DA:43,0
DA:46,0
DA:48,0
DA:50,0
DA:51,0
DA:52,0
DA:53,0
DA:54,0
DA:55,0
DA:56,0
DA:57,0
DA:58,0
DA:59,0
DA:61,0
LF:37
LH:0
end_of_record
SF:lib\app\core\ui\app_colors.dart
DA:5,5
DA:7,5
DA:8,5
DA:12,3
DA:13,2
DA:14,1
DA:15,3
DA:16,3
DA:17,1
DA:21,4
LF:10
LH:10
end_of_record
SF:lib\app\core\ui\app_shadows.dart
DA:7,2
DA:9,2
DA:10,2
DA:14,4
DA:15,6
DA:22,2
LF:6
LH:6
end_of_record
SF:lib\app\core\ui\app_text_styles.dart
DA:5,3
DA:7,3
DA:8,3
DA:12,2
DA:19,2
DA:28,4
LF:6
LH:6
end_of_record
SF:lib\app\core\ui\theme\theme_config.dart
DA:6,0
DA:8,6
DA:10,2
DA:11,4
LF:4
LH:3
end_of_record
SF:lib\app\features\breed_detail\breed_detail_state.dart
DA:13,0
DA:19,0
LF:2
LH:0
end_of_record
SF:lib\app\features\breed_detail\breed_detail_cubit.dart
DA:12,3
DA:14,0
DA:15,0
DA:17,0
DA:22,0
DA:23,0
DA:24,0
DA:25,0
LF:8
LH:1
end_of_record
SF:lib\app\features\breed_detail\breed_detail_page.dart
DA:7,14
DA:9,0
DA:10,0
DA:17,0
DA:19,0
DA:22,0
DA:24,0
DA:25,0
DA:26,0
DA:29,0
DA:31,0
DA:32,0
DA:33,0
DA:35,0
DA:36,0
DA:38,0
DA:41,0
DA:44,0
DA:47,0
DA:49,0
DA:51,0
DA:52,0
DA:54,0
DA:55,0
DA:56,0
DA:57,0
DA:58,0
DA:60,0
DA:62,0
DA:66,0
DA:68,0
DA:69,0
DA:70,0
LF:33
LH:1
end_of_record
SF:lib\app\features\favorites\favorites_page.dart
DA:6,14
DA:8,0
DA:9,0
DA:15,0
DA:17,0
DA:18,0
DA:21,0
DA:23,0
DA:24,0
DA:25,0
DA:26,0
DA:27,0
DA:28,0
DA:29,0
DA:31,0
DA:32,0
DA:34,0
DA:37,0
LF:18
LH:1
end_of_record
SF:lib\app\features\home\home_state.dart
DA:14,0
DA:19,0
DA:23,0
DA:24,0
DA:25,0
DA:33,0
LF:6
LH:0
end_of_record
SF:lib\app\features\home\home_cubit.dart
DA:14,1
DA:17,2
DA:19,0
DA:21,0
DA:22,0
DA:24,0
DA:26,0
DA:27,0
DA:28,0
DA:29,0
DA:33,0
DA:34,0
DA:35,0
DA:37,0
DA:40,0
DA:41,0
DA:42,0
DA:43,0
DA:44,0
DA:46,0
DA:48,0
DA:49,0
DA:51,0
DA:55,0
DA:56,0
DA:59,0
DA:60,0
DA:61,0
DA:62,0
DA:66,0
DA:67,0
DA:69,0
DA:72,0
DA:73,0
DA:74,0
DA:75,0
DA:80,0
DA:81,0
DA:82,0
DA:83,0
LF:40
LH:2
end_of_record
SF:lib\app\features\home\home_page.dart
DA:7,14
DA:9,0
DA:10,0
DA:16,0
DA:18,0
DA:19,0
DA:22,0
DA:24,0
DA:25,0
DA:27,0
DA:28,0
DA:30,0
DA:31,0
DA:32,0
DA:34,0
DA:36,0
DA:42,0
DA:43,0
DA:45,0
DA:48,0
DA:51,0
DA:52,0
DA:54,0
DA:56,0
DA:57,0
DA:58,0
DA:59,0
DA:60,0
DA:61,0
DA:62,0
DA:64,0
DA:65,0
DA:67,0
DA:71,0
LF:34
LH:1
end_of_record
SF:lib\app\features\home\widgets\breed_tile.dart
DA:12,1
DA:21,1
DA:23,1
DA:24,1
DA:25,1
DA:30,1
DA:31,2
DA:32,1
DA:33,1
DA:34,2
DA:37,1
DA:39,1
DA:40,1
DA:42,1
DA:43,2
DA:44,2
DA:47,1
DA:48,1
DA:49,1
DA:50,1
DA:51,1
DA:53,1
DA:63,1
DA:64,1
DA:66,2
LF:25
LH:25
end_of_record
SF:lib\app\features\splash\splash_page.dart
DA:6,14
DA:8,1
DA:9,1
DA:13,1
DA:15,2
DA:16,0
DA:18,1
DA:21,1
DA:23,1
DA:24,1
DA:25,3
DA:26,1
DA:27,1
DA:29,1
DA:30,1
DA:32,3
DA:35,1
DA:36,2
LF:18
LH:17
end_of_record
SF:lib\app\models\breed.dart
DA:8,3
DA:15,2
LF:2
LH:2
end_of_record
SF:lib\app\models\breed.g.dart
DA:9,2
DA:10,1
DA:11,1
DA:12,2
DA:13,1
DA:17,0
DA:18,0
DA:19,0
LF:8
LH:5
end_of_record
SF:lib\app\repositories\breed\breed_repository_impl.dart
DA:9,1
DA:13,1
DA:16,2
DA:18,3
DA:20,3
DA:21,1
DA:22,2
DA:23,1
DA:24,1
DA:27,1
DA:28,1
DA:29,2
DA:33,1
DA:37,1
DA:38,2
DA:40,3
DA:41,1
DA:42,1
DA:43,2
LF:19
LH:19
end_of_record
SF:lib\app\routes\app_routes.dart
DA:4,6
DA:5,1
DA:6,0
DA:7,0
DA:8,0
LF:5
LH:2
end_of_record
SF:lib\app\widgets\images_grid_view.dart
DA:6,1
DA:8,1
DA:10,1
DA:12,2
DA:18,1
DA:19,2
DA:20,1
DA:21,1
DA:22,1
LF:9
LH:9
end_of_record
